This is pdfTeX, Version 3.14159265-2.6-1.40.20 (TeX Live 2019/Debian) (preloaded format=latex 2021.1.27)  27 JAN 2021 11:12
entering extended mode
 restricted \write18 enabled.
 %&-line parsing enabled.
**subfig.ins
(./subfig.ins
LaTeX2e <2020-02-02> patch level 2
L3 programming layer <2020-02-14>
(/usr/share/texlive/texmf-dist/tex/latex/base/docstrip.tex
\blockLevel=\count167
\emptyLines=\count168
\processedLines=\count169
\commentsRemoved=\count170
\commentsPassed=\count171
\codeLinesPassed=\count172
\TotalprocessedLines=\count173
\TotalcommentsRemoved=\count174
\TotalcommentsPassed=\count175
\TotalcodeLinesPassed=\count176
\NumberOfFiles=\count177
\inFile=\read2
\inputcheck=\read3
\off@0=\count178
\off@1=\count179
\off@2=\count180
\off@3=\count181
\off@4=\count182
\off@5=\count183
\off@6=\count184
\off@7=\count185
\off@8=\count186
\off@9=\count187
\off@10=\count188
\off@11=\count189
\off@12=\count190
\off@13=\count191
\off@14=\count192
\off@15=\count193
\@maxfiles=\count194
\@maxoutfiles=\count195

Utility: `docstrip' 2.5g <2018/05/03>
English documentation    <2018/05/03>

**********************************************************
* This program converts documented macro-files into fast *
* loadable files by stripping off (nearly) all comments! *
**********************************************************

********************************************************
* No Configuration file found, using default settings. *
********************************************************

(./subfig.ins

Generating file(s) ./ltxdoc.cfg 
\openout0 = `./ltxdoc.cfg'.


Processing file subfig.dtx (ltxdoc) -> ltxdoc.cfg
File subfig.dtx ended by \endinput.
Lines  processed: 4692
Comments removed: 3830
Comments  passed: 29
Codelines passed: 816

File ./altsf.cfg already exists on the system.
Overwrite it? [y/n]
\answer=y

Generating file(s) ./altsf.cfg 
\openout0 = `./altsf.cfg'.


Processing file subfig.dtx (newconf) -> altsf.cfg
File subfig.dtx ended by \endinput.
Lines  processed: 4692
Comments removed: 3830
Comments  passed: 29
Codelines passed: 816


Generating file(s) ./subfig.sty 
\openout0 = `./subfig.sty'.


Processing file subfig.dtx (package) -> subfig.sty
File subfig.dtx ended by \endinput.
Lines  processed: 4692
Comments removed: 3830
Comments  passed: 29
Codelines passed: 816

***********************************************************
* To finish the installation you have to move the file
* `subfig.sty' and optionally 'subfigold.cfg' into a
* directory searched by TeX.
*
* To produce the documentation run the file `subfig.dtx'
* through LaTeX.
***********************************************************
)
Overall statistics:
Files  processed: 3
Lines  processed: 14076
Comments removed: 11490
Comments  passed: 87
Codelines passed: 2448
 ) ) 
Here is how much of TeX's memory you used:
 350 strings out of 483184
 3635 string characters out of 5966318
 234120 words of memory out of 5000000
 15457 multiletter control sequences out of 15000+600000
 532338 words of font info for 24 fonts, out of 8000000 for 9000
 14 hyphenation exceptions out of 8191
 16i,0n,18p,236b,139s stack positions out of 5000i,500n,10000p,200000b,80000s

No pages of output.
